This file contains any messages produced by compilers while
running configure, to aid debugging if configure makes a mistake.

It was created by HTSlib configure 1.23, which was
generated by GNU Autoconf 2.72.  Invocation command line was

  $ ./configure --disable-libcurl

## --------- ##
## Platform. ##
## --------- ##

hostname = DESKTOP-05PG6JS
uname -m = x86_64
uname -r = 5.15.167.4-microsoft-standard-WSL2
uname -s = Linux
uname -v = #1 SMP Tue Nov 5 00:21:55 UTC 2024

/usr/bin/uname -p = x86_64
/bin/uname -X     = unknown

/bin/arch              = x86_64
/usr/bin/arch -k       = unknown
/usr/convex/getsysinfo = unknown
/usr/bin/hostinfo      = unknown
/bin/machine           = unknown
/usr/bin/oslevel       = unknown
/bin/universe          = unknown

PATH: /home/kasonde/.local/bin/
PATH: /home/kasonde/.codex/tmp/path/codex-arg0e2Bn6k/
PATH: /home/kasonde/.vscode-server/bin/c9d77990917f3102ada88be140d28b038d1dd7c7/bin/remote-cli/
PATH: /home/kasonde/.local/bin/
PATH: /home/kasonde/downloads/google-cloud-sdk/bin/
PATH: /home/kasonde/anaconda3/bin/
PATH: /home/kasonde/anaconda3/condabin/
PATH: /usr/local/sbin/
PATH: /usr/local/bin/
PATH: /usr/sbin/
PATH: /usr/bin/
PATH: /sbin/
PATH: /bin/
PATH: /usr/games/
PATH: /usr/local/games/
PATH: /usr/lib/wsl/lib/
PATH: /mnt/c/WINDOWS/system32/
PATH: /mnt/c/WINDOWS/
PATH: /mnt/c/WINDOWS/System32/Wbem/
PATH: /mnt/c/WINDOWS/System32/WindowsPowerShell/v1.0/
PATH: /mnt/c/WINDOWS/System32/OpenSSH/
PATH: /mnt/c/Program Files/dotnet/
PATH: /mnt/c/Program Files/MATLAB/R2024b/runtime/win64/
PATH: /mnt/c/Program Files/MATLAB/R2024b/bin/
PATH: /mnt/c/Users/Kasonde/AppData/Local/Programs/Python/Python313/Scripts/
PATH: /mnt/c/Users/Kasonde/AppData/Local/Programs/Python/Python313/
PATH: /mnt/c/Users/Kasonde/AppData/Local/Programs/Python/Launcher/
PATH: /mnt/c/Users/Kasonde/AppData/Local/Microsoft/WindowsApps/
PATH: /mnt/c/Users/Kasonde/AppData/Local/Programs/Microsoft VS Code/bin/
PATH: /mnt/c/Users/Kasonde/AppData/Local/Programs/MiKTeX/miktex/bin/x64/
PATH: /mnt/c/Users/Kasonde/AppData/Roaming/TinyTeX/bin/windows/
PATH: /mnt/c/Users/Kasonde/AppData/Local/Programs/Antigravity/bin/
PATH: /mnt/c/Users/Kasonde/AppData/Local/GitHubDesktop/bin/
PATH: /snap/bin/
PATH: /home/kasonde/.vscode-server/extensions/openai.chatgpt-0.4.69-linux-x64/bin/linux-x86_64/


## ----------- ##
## Core tests. ##
## ----------- ##

configure:2442: looking for aux files: config.guess config.sub
configure:2455:  trying ./
configure:2484:   ./config.guess found
configure:2484:   ./config.sub found
configure:2781: checking for gcc
configure:2802: found /home/kasonde/anaconda3/bin/gcc
configure:2814: result: gcc
configure:3173: checking for C compiler version
configure:3182: gcc --version >&5
gcc (conda-forge gcc 14.2.0-2) 14.2.0
Copyright (C) 2024 Free Software Foundation, Inc.
This is free software; see the source for copying conditions.  There is NO
warranty; not even for MERCHANTABILITY or FITNESS FOR A PARTICULAR PURPOSE.

configure:3193: $? = 0
configure:3182: gcc -v >&5
Reading specs from /home/kasonde/anaconda3/bin/../lib/gcc/x86_64-conda-linux-gnu/14.2.0/specs
could not find specs file conda.specs
COLLECT_GCC=gcc
COLLECT_LTO_WRAPPER=/home/kasonde/anaconda3/bin/../libexec/gcc/x86_64-conda-linux-gnu/14.2.0/lto-wrapper
Target: x86_64-conda-linux-gnu
Configured with: ../configure --prefix=/home/conda/feedstock_root/build_artifacts/gcc_compilers_1740238128824/_h_env_placehold_placehold_placehold_placehold_placehold_placehold_placehold_placehold_placehold_placehold_placehold_placehold_placehold_placehold_placehold_placehold_placehold_placeho --with-slibdir=/home/conda/feedstock_root/build_artifacts/gcc_compilers_1740238128824/_h_env_placehold_placehold_placehold_placehold_placehold_placehold_placehold_placehold_placehold_placehold_placehold_placehold_placehold_placehold_placehold_placehold_placehold_placeho/lib --libdir=/home/conda/feedstock_root/build_artifacts/gcc_compilers_1740238128824/_h_env_placehold_placehold_placehold_placehold_placehold_placehold_placehold_placehold_placehold_placehold_placehold_placehold_placehold_placehold_placehold_placehold_placehold_placeho/lib --mandir=/home/conda/feedstock_root/build_artifacts/gcc_compilers_1740238128824/_h_env_placehold_placehold_placehold_placehold_placehold_placehold_placehold_placehold_placehold_placehold_placehold_placehold_placehold_placehold_placehold_placehold_placehold_placeho/man --build=x86_64-conda-linux-gnu --host=x86_64-conda-linux-gnu --target=x86_64-conda-linux-gnu --enable-languages=c,c++,fortran,objc,obj-c++ --enable-__cxa_atexit --disable-libmudflap --enable-libgomp --disable-libssp --enable-libquadmath --enable-libquadmath-support --enable-lto --enable-target-optspace --enable-plugin --enable-gold --disable-nls --disable-bootstrap --disable-multilib --enable-long-long --with-sysroot=/home/conda/feedstock_root/build_artifacts/gcc_compilers_1740238128824/_h_env_placehold_placehold_placehold_placehold_placehold_placehold_placehold_placehold_placehold_placehold_placehold_placehold_placehold_placehold_placehold_placehold_placehold_placeho/x86_64-conda-linux-gnu/sysroot --with-build-sysroot=/home/conda/feedstock_root/build_artifacts/gcc_compilers_1740238128824/work/cf-compilers/x86_64-conda-linux-gnu/sysroot --with-native-system-header-dir=/usr/include --with-gxx-include-dir=/home/conda/feedstock_root/build_artifacts/gcc_compilers_1740238128824/_h_env_placehold_placehold_placehold_placehold_placehold_placehold_placehold_placehold_placehold_placehold_placehold_placehold_placehold_placehold_placehold_placehold_placehold_placeho/lib/gcc/x86_64-conda-linux-gnu/14.2.0/include/c++ --with-pkgversion='conda-forge gcc 14.2.0-2' --with-bugurl=https://github.com/conda-forge/ctng-compilers-feedstock/issues/new/choose --enable-libsanitizer --enable-default-pie --enable-threads=posix
Thread model: posix
Supported LTO compression algorithms: zlib
gcc version 14.2.0 (conda-forge gcc 14.2.0-2) 
configure:3193: $? = 0
configure:3182: gcc -V >&5
gcc: error: unrecognized command-line option '-V'
gcc: fatal error: no input files
compilation terminated.
configure:3193: $? = 1
configure:3182: gcc -qversion >&5
gcc: error: unrecognized command-line option '-qversion'; did you mean '--version'?
gcc: fatal error: no input files
compilation terminated.
configure:3193: $? = 1
configure:3182: gcc -version >&5
gcc: error: unrecognized command-line option '-version'
gcc: fatal error: no input files
compilation terminated.
configure:3193: $? = 1
configure:3213: checking whether the C compiler works
configure:3235: gcc  -I/mnt/f/research_drive/mtdna/leelab/mtDNA-analysis/zlib_build/include -I/mnt/f/research_drive/mtdna/leelab/mtDNA-analysis/bzip2_build/include -I/mnt/f/research_drive/mtdna/leelab/mtDNA-analysis/zlib_build/include -I/mnt/f/research_drive/mtdna/leelab/mtDNA-analysis/bzip2_build/include -L/mnt/f/research_drive/mtdna/leelab/mtDNA-analysis/zlib_build/lib -L/mnt/f/research_drive/mtdna/leelab/mtDNA-analysis/bzip2_build/lib conftest.c /mnt/f/research_drive/mtdna/leelab/mtDNA-analysis/zlib_build/lib/libz.a /mnt/f/research_drive/mtdna/leelab/mtDNA-analysis/bzip2_build/lib/libbz2.a -llzma -lm >&5
configure:3239: $? = 0
configure:3290: result: yes
configure:3294: checking for C compiler default output file name
configure:3296: result: a.out
configure:3302: checking for suffix of executables
configure:3309: gcc -o conftest  -I/mnt/f/research_drive/mtdna/leelab/mtDNA-analysis/zlib_build/include -I/mnt/f/research_drive/mtdna/leelab/mtDNA-analysis/bzip2_build/include -I/mnt/f/research_drive/mtdna/leelab/mtDNA-analysis/zlib_build/include -I/mnt/f/research_drive/mtdna/leelab/mtDNA-analysis/bzip2_build/include -L/mnt/f/research_drive/mtdna/leelab/mtDNA-analysis/zlib_build/lib -L/mnt/f/research_drive/mtdna/leelab/mtDNA-analysis/bzip2_build/lib conftest.c /mnt/f/research_drive/mtdna/leelab/mtDNA-analysis/zlib_build/lib/libz.a /mnt/f/research_drive/mtdna/leelab/mtDNA-analysis/bzip2_build/lib/libbz2.a -llzma -lm >&5
configure:3313: $? = 0
configure:3337: result: 
configure:3361: checking whether we are cross compiling
configure:3369: gcc -o conftest  -I/mnt/f/research_drive/mtdna/leelab/mtDNA-analysis/zlib_build/include -I/mnt/f/research_drive/mtdna/leelab/mtDNA-analysis/bzip2_build/include -I/mnt/f/research_drive/mtdna/leelab/mtDNA-analysis/zlib_build/include -I/mnt/f/research_drive/mtdna/leelab/mtDNA-analysis/bzip2_build/include -L/mnt/f/research_drive/mtdna/leelab/mtDNA-analysis/zlib_build/lib -L/mnt/f/research_drive/mtdna/leelab/mtDNA-analysis/bzip2_build/lib conftest.c /mnt/f/research_drive/mtdna/leelab/mtDNA-analysis/zlib_build/lib/libz.a /mnt/f/research_drive/mtdna/leelab/mtDNA-analysis/bzip2_build/lib/libbz2.a -llzma -lm >&5
configure:3373: $? = 0
configure:3380: ./conftest
configure:3384: $? = 0
configure:3399: result: no
configure:3405: checking for suffix of object files
configure:3428: gcc -c  -I/mnt/f/research_drive/mtdna/leelab/mtDNA-analysis/zlib_build/include -I/mnt/f/research_drive/mtdna/leelab/mtDNA-analysis/bzip2_build/include -I/mnt/f/research_drive/mtdna/leelab/mtDNA-analysis/zlib_build/include -I/mnt/f/research_drive/mtdna/leelab/mtDNA-analysis/bzip2_build/include conftest.c >&5
configure:3432: $? = 0
configure:3456: result: o
configure:3460: checking whether the compiler supports GNU C
configure:3480: gcc -c  -I/mnt/f/research_drive/mtdna/leelab/mtDNA-analysis/zlib_build/include -I/mnt/f/research_drive/mtdna/leelab/mtDNA-analysis/bzip2_build/include -I/mnt/f/research_drive/mtdna/leelab/mtDNA-analysis/zlib_build/include -I/mnt/f/research_drive/mtdna/leelab/mtDNA-analysis/bzip2_build/include conftest.c >&5
configure:3480: $? = 0
configure:3492: result: yes
configure:3503: checking whether gcc accepts -g
configure:3524: gcc -c -g -I/mnt/f/research_drive/mtdna/leelab/mtDNA-analysis/zlib_build/include -I/mnt/f/research_drive/mtdna/leelab/mtDNA-analysis/bzip2_build/include conftest.c >&5
configure:3524: $? = 0
configure:3571: result: yes
configure:3591: checking for gcc option to enable C11 features
configure:3606: gcc  -c  -I/mnt/f/research_drive/mtdna/leelab/mtDNA-analysis/zlib_build/include -I/mnt/f/research_drive/mtdna/leelab/mtDNA-analysis/bzip2_build/include -I/mnt/f/research_drive/mtdna/leelab/mtDNA-analysis/zlib_build/include -I/mnt/f/research_drive/mtdna/leelab/mtDNA-analysis/bzip2_build/include conftest.c >&5
configure:3606: $? = 0
configure:3625: result: none needed
configure:3792: checking for ranlib
configure:3813: found /usr/bin/ranlib
configure:3825: result: ranlib
configure:3848: checking for grep that handles long lines and -e
configure:3914: result: /usr/bin/grep
configure:3944: checking for C compiler warning flags
configure:4086: result: -Wall
configure:4196: checking for gcc options needed to detect all undeclared functions
configure:4218: gcc -c  -Wall  -I/mnt/f/research_drive/mtdna/leelab/mtDNA-analysis/zlib_build/include -I/mnt/f/research_drive/mtdna/leelab/mtDNA-analysis/bzip2_build/include  -I/mnt/f/research_drive/mtdna/leelab/mtDNA-analysis/zlib_build/include -I/mnt/f/research_drive/mtdna/leelab/mtDNA-analysis/bzip2_build/include conftest.c >&5
conftest.c: In function 'main':
conftest.c:13:8: error: 'strchr' undeclared (first use in this function)
   13 | (void) strchr;
      |        ^~~~~~
conftest.c:1:1: note: 'strchr' is defined in header '<string.h>'; this is probably fixable by adding '#include <string.h>'
    1 | /* confdefs.h */
conftest.c:13:8: note: each undeclared identifier is reported only once for each function it appears in
   13 | (void) strchr;
      |        ^~~~~~
configure:4218: $? = 1
configure: failed program was:
| /* confdefs.h */
| #define PACKAGE_NAME "HTSlib"
| #define PACKAGE_TARNAME "htslib"
| #define PACKAGE_VERSION "1.23"
| #define PACKAGE_STRING "HTSlib 1.23"
| #define PACKAGE_BUGREPORT "samtools-help@lists.sourceforge.net"
| #define PACKAGE_URL "http://www.htslib.org/"
| /* end confdefs.h.  */
| 
| int
| main (void)
| {
| (void) strchr;
|   ;
|   return 0;
| }
configure:4245: gcc -c  -Wall  -I/mnt/f/research_drive/mtdna/leelab/mtDNA-analysis/zlib_build/include -I/mnt/f/research_drive/mtdna/leelab/mtDNA-analysis/bzip2_build/include  -I/mnt/f/research_drive/mtdna/leelab/mtDNA-analysis/zlib_build/include -I/mnt/f/research_drive/mtdna/leelab/mtDNA-analysis/bzip2_build/include conftest.c >&5
configure:4245: $? = 0
configure:4265: result: none needed
configure:4283: checking for stdio.h
configure:4283: gcc -c  -Wall  -I/mnt/f/research_drive/mtdna/leelab/mtDNA-analysis/zlib_build/include -I/mnt/f/research_drive/mtdna/leelab/mtDNA-analysis/bzip2_build/include -I/mnt/f/research_drive/mtdna/leelab/mtDNA-analysis/zlib_build/include -I/mnt/f/research_drive/mtdna/leelab/mtDNA-analysis/bzip2_build/include conftest.c >&5
configure:4283: $? = 0
configure:4283: result: yes
configure:4283: checking for stdlib.h
configure:4283: gcc -c  -Wall  -I/mnt/f/research_drive/mtdna/leelab/mtDNA-analysis/zlib_build/include -I/mnt/f/research_drive/mtdna/leelab/mtDNA-analysis/bzip2_build/include -I/mnt/f/research_drive/mtdna/leelab/mtDNA-analysis/zlib_build/include -I/mnt/f/research_drive/mtdna/leelab/mtDNA-analysis/bzip2_build/include conftest.c >&5
configure:4283: $? = 0
configure:4283: result: yes
configure:4283: checking for string.h
configure:4283: gcc -c  -Wall  -I/mnt/f/research_drive/mtdna/leelab/mtDNA-analysis/zlib_build/include -I/mnt/f/research_drive/mtdna/leelab/mtDNA-analysis/bzip2_build/include -I/mnt/f/research_drive/mtdna/leelab/mtDNA-analysis/zlib_build/include -I/mnt/f/research_drive/mtdna/leelab/mtDNA-analysis/bzip2_build/include conftest.c >&5
configure:4283: $? = 0
configure:4283: result: yes
configure:4283: checking for inttypes.h
configure:4283: gcc -c  -Wall  -I/mnt/f/research_drive/mtdna/leelab/mtDNA-analysis/zlib_build/include -I/mnt/f/research_drive/mtdna/leelab/mtDNA-analysis/bzip2_build/include -I/mnt/f/research_drive/mtdna/leelab/mtDNA-analysis/zlib_build/include -I/mnt/f/research_drive/mtdna/leelab/mtDNA-analysis/bzip2_build/include conftest.c >&5
configure:4283: $? = 0
configure:4283: result: yes
configure:4283: checking for stdint.h
configure:4283: gcc -c  -Wall  -I/mnt/f/research_drive/mtdna/leelab/mtDNA-analysis/zlib_build/include -I/mnt/f/research_drive/mtdna/leelab/mtDNA-analysis/bzip2_build/include -I/mnt/f/research_drive/mtdna/leelab/mtDNA-analysis/zlib_build/include -I/mnt/f/research_drive/mtdna/leelab/mtDNA-analysis/bzip2_build/include conftest.c >&5
configure:4283: $? = 0
configure:4283: result: yes
configure:4283: checking for strings.h
configure:4283: gcc -c  -Wall  -I/mnt/f/research_drive/mtdna/leelab/mtDNA-analysis/zlib_build/include -I/mnt/f/research_drive/mtdna/leelab/mtDNA-analysis/bzip2_build/include -I/mnt/f/research_drive/mtdna/leelab/mtDNA-analysis/zlib_build/include -I/mnt/f/research_drive/mtdna/leelab/mtDNA-analysis/bzip2_build/include conftest.c >&5
configure:4283: $? = 0
configure:4283: result: yes
configure:4283: checking for sys/stat.h
configure:4283: gcc -c  -Wall  -I/mnt/f/research_drive/mtdna/leelab/mtDNA-analysis/zlib_build/include -I/mnt/f/research_drive/mtdna/leelab/mtDNA-analysis/bzip2_build/include -I/mnt/f/research_drive/mtdna/leelab/mtDNA-analysis/zlib_build/include -I/mnt/f/research_drive/mtdna/leelab/mtDNA-analysis/bzip2_build/include conftest.c >&5
configure:4283: $? = 0
configure:4283: result: yes
configure:4283: checking for sys/types.h
configure:4283: gcc -c  -Wall  -I/mnt/f/research_drive/mtdna/leelab/mtDNA-analysis/zlib_build/include -I/mnt/f/research_drive/mtdna/leelab/mtDNA-analysis/bzip2_build/include -I/mnt/f/research_drive/mtdna/leelab/mtDNA-analysis/zlib_build/include -I/mnt/f/research_drive/mtdna/leelab/mtDNA-analysis/bzip2_build/include conftest.c >&5
configure:4283: $? = 0
configure:4283: result: yes
configure:4283: checking for unistd.h
configure:4283: gcc -c  -Wall  -I/mnt/f/research_drive/mtdna/leelab/mtDNA-analysis/zlib_build/include -I/mnt/f/research_drive/mtdna/leelab/mtDNA-analysis/bzip2_build/include -I/mnt/f/research_drive/mtdna/leelab/mtDNA-analysis/zlib_build/include -I/mnt/f/research_drive/mtdna/leelab/mtDNA-analysis/bzip2_build/include conftest.c >&5
configure:4283: $? = 0
configure:4283: result: yes
configure:4283: checking for sys/param.h
configure:4283: gcc -c  -Wall  -I/mnt/f/research_drive/mtdna/leelab/mtDNA-analysis/zlib_build/include -I/mnt/f/research_drive/mtdna/leelab/mtDNA-analysis/bzip2_build/include -I/mnt/f/research_drive/mtdna/leelab/mtDNA-analysis/zlib_build/include -I/mnt/f/research_drive/mtdna/leelab/mtDNA-analysis/bzip2_build/include conftest.c >&5
configure:4283: $? = 0
configure:4283: result: yes
configure:4308: checking whether _XOPEN_SOURCE is declared
configure:4308: gcc -c  -Wall  -I/mnt/f/research_drive/mtdna/leelab/mtDNA-analysis/zlib_build/include -I/mnt/f/research_drive/mtdna/leelab/mtDNA-analysis/bzip2_build/include  -I/mnt/f/research_drive/mtdna/leelab/mtDNA-analysis/zlib_build/include -I/mnt/f/research_drive/mtdna/leelab/mtDNA-analysis/bzip2_build/include conftest.c >&5
conftest.c: In function 'main':
conftest.c:55:10: error: '_XOPEN_SOURCE' undeclared (first use in this function)
   55 |   (void) _XOPEN_SOURCE;
      |          ^~~~~~~~~~~~~
conftest.c:55:10: note: each undeclared identifier is reported only once for each function it appears in
configure:4308: $? = 1
configure: failed program was:
| /* confdefs.h */
| #define PACKAGE_NAME "HTSlib"
| #define PACKAGE_TARNAME "htslib"
| #define PACKAGE_VERSION "1.23"
| #define PACKAGE_STRING "HTSlib 1.23"
| #define PACKAGE_BUGREPORT "samtools-help@lists.sourceforge.net"
| #define PACKAGE_URL "http://www.htslib.org/"
| #define HAVE_STDIO_H 1
| #define HAVE_STDLIB_H 1
| #define HAVE_STRING_H 1
| #define HAVE_INTTYPES_H 1
| #define HAVE_STDINT_H 1
| #define HAVE_STRINGS_H 1
| #define HAVE_SYS_STAT_H 1
| #define HAVE_SYS_TYPES_H 1
| #define HAVE_UNISTD_H 1
| #define HAVE_SYS_PARAM_H 1
| #define STDC_HEADERS 1
| /* end confdefs.h.  */
| #include <stddef.h>
| #ifdef HAVE_STDIO_H
| # include <stdio.h>
| #endif
| #ifdef HAVE_STDLIB_H
| # include <stdlib.h>
| #endif
| #ifdef HAVE_STRING_H
| # include <string.h>
| #endif
| #ifdef HAVE_INTTYPES_H
| # include <inttypes.h>
| #endif
| #ifdef HAVE_STDINT_H
| # include <stdint.h>
| #endif
| #ifdef HAVE_STRINGS_H
| # include <strings.h>
| #endif
| #ifdef HAVE_SYS_TYPES_H
| # include <sys/types.h>
| #endif
| #ifdef HAVE_SYS_STAT_H
| # include <sys/stat.h>
| #endif
| #ifdef HAVE_UNISTD_H
| # include <unistd.h>
| #endif
| int
| main (void)
| {
| #ifndef _XOPEN_SOURCE
| #ifdef __cplusplus
|   (void) _XOPEN_SOURCE;
| #else
|   (void) _XOPEN_SOURCE;
| #endif
| #endif
| 
|   ;
|   return 0;
| }
configure:4308: result: no
configure:4319: checking whether __get_cpuid_max is declared
configure:4319: gcc -c  -Wall  -I/mnt/f/research_drive/mtdna/leelab/mtDNA-analysis/zlib_build/include -I/mnt/f/research_drive/mtdna/leelab/mtDNA-analysis/bzip2_build/include  -I/mnt/f/research_drive/mtdna/leelab/mtDNA-analysis/zlib_build/include -I/mnt/f/research_drive/mtdna/leelab/mtDNA-analysis/bzip2_build/include conftest.c >&5
configure:4319: $? = 0
configure:4319: result: yes
configure:4340: checking whether __cpuid_count is declared
configure:4340: gcc -c  -Wall  -I/mnt/f/research_drive/mtdna/leelab/mtDNA-analysis/zlib_build/include -I/mnt/f/research_drive/mtdna/leelab/mtDNA-analysis/bzip2_build/include  -I/mnt/f/research_drive/mtdna/leelab/mtDNA-analysis/zlib_build/include -I/mnt/f/research_drive/mtdna/leelab/mtDNA-analysis/bzip2_build/include conftest.c >&5
configure:4340: $? = 0
configure:4340: result: yes
configure:4363: checking for x86intrin.h
configure:4363: gcc -c  -Wall  -I/mnt/f/research_drive/mtdna/leelab/mtDNA-analysis/zlib_build/include -I/mnt/f/research_drive/mtdna/leelab/mtDNA-analysis/bzip2_build/include -I/mnt/f/research_drive/mtdna/leelab/mtDNA-analysis/zlib_build/include -I/mnt/f/research_drive/mtdna/leelab/mtDNA-analysis/bzip2_build/include conftest.c >&5
configure:4363: $? = 0
configure:4363: result: yes
configure:4374: checking C compiler flags needed for sse4.1
configure:4402: gcc -o conftest  -Wall  -I/mnt/f/research_drive/mtdna/leelab/mtDNA-analysis/zlib_build/include -I/mnt/f/research_drive/mtdna/leelab/mtDNA-analysis/bzip2_build/include -I/mnt/f/research_drive/mtdna/leelab/mtDNA-analysis/zlib_build/include -I/mnt/f/research_drive/mtdna/leelab/mtDNA-analysis/bzip2_build/include -L/mnt/f/research_drive/mtdna/leelab/mtDNA-analysis/zlib_build/lib -L/mnt/f/research_drive/mtdna/leelab/mtDNA-analysis/bzip2_build/lib conftest.c /mnt/f/research_drive/mtdna/leelab/mtDNA-analysis/zlib_build/lib/libz.a /mnt/f/research_drive/mtdna/leelab/mtDNA-analysis/bzip2_build/lib/libbz2.a -llzma -lm >&5
In file included from /home/kasonde/anaconda3/lib/gcc/x86_64-conda-linux-gnu/14.2.0/include/x86gprintrin.h:73,
                 from /home/kasonde/anaconda3/lib/gcc/x86_64-conda-linux-gnu/14.2.0/include/x86intrin.h:27,
                 from conftest.c:26:
/home/kasonde/anaconda3/lib/gcc/x86_64-conda-linux-gnu/14.2.0/include/popcntintrin.h: In function 'main':
/home/kasonde/anaconda3/lib/gcc/x86_64-conda-linux-gnu/14.2.0/include/popcntintrin.h:35:1: error: inlining failed in call to 'always_inline' '_mm_popcnt_u32': target specific option mismatch
   35 | _mm_popcnt_u32 (unsigned int __X)
      | ^~~~~~~~~~~~~~
conftest.c:36:12: note: called from here
   36 |     return _mm_popcnt_u32(*((char *) &c));
      |            ^~~~~~~~~~~~~~~~~~~~~~~~~~~~~~
In file included from /home/kasonde/anaconda3/lib/gcc/x86_64-conda-linux-gnu/14.2.0/include/immintrin.h:37,
                 from /home/kasonde/anaconda3/lib/gcc/x86_64-conda-linux-gnu/14.2.0/include/x86intrin.h:32:
/home/kasonde/anaconda3/lib/gcc/x86_64-conda-linux-gnu/14.2.0/include/tmmintrin.h:136:1: error: inlining failed in call to 'always_inline' '_mm_shuffle_epi8': target specific option mismatch
  136 | _mm_shuffle_epi8 (__m128i __X, __m128i __Y)
      | ^~~~~~~~~~~~~~~~
conftest.c:35:17: note: called from here
   35 |     __m128i c = _mm_shuffle_epi8(_mm_max_epu32(a, b), b);
      |                 ^~~~~~~~~~~~~~~~~~~~~~~~~~~~~~~~~~~~~~~~
In file included from /home/kasonde/anaconda3/lib/gcc/x86_64-conda-linux-gnu/14.2.0/include/immintrin.h:39:
/home/kasonde/anaconda3/lib/gcc/x86_64-conda-linux-gnu/14.2.0/include/smmintrin.h:318:1: error: inlining failed in call to 'always_inline' '_mm_max_epu32': target specific option mismatch
  318 | _mm_max_epu32 (__m128i __X, __m128i __Y)
      | ^~~~~~~~~~~~~
conftest.c:35:17: note: called from here
   35 |     __m128i c = _mm_shuffle_epi8(_mm_max_epu32(a, b), b);
      |                 ^~~~~~~~~~~~~~~~~~~~~~~~~~~~~~~~~~~~~~~~
/home/kasonde/anaconda3/lib/gcc/x86_64-conda-linux-gnu/14.2.0/include/popcntintrin.h:35:1: error: inlining failed in call to 'always_inline' '_mm_popcnt_u32': target specific option mismatch
   35 | _mm_popcnt_u32 (unsigned int __X)
      | ^~~~~~~~~~~~~~
conftest.c:36:12: note: called from here
   36 |     return _mm_popcnt_u32(*((char *) &c));
      |            ^~~~~~~~~~~~~~~~~~~~~~~~~~~~~~
/home/kasonde/anaconda3/lib/gcc/x86_64-conda-linux-gnu/14.2.0/include/tmmintrin.h:136:1: error: inlining failed in call to 'always_inline' '_mm_shuffle_epi8': target specific option mismatch
  136 | _mm_shuffle_epi8 (__m128i __X, __m128i __Y)
      | ^~~~~~~~~~~~~~~~
conftest.c:35:17: note: called from here
   35 |     __m128i c = _mm_shuffle_epi8(_mm_max_epu32(a, b), b);
      |                 ^~~~~~~~~~~~~~~~~~~~~~~~~~~~~~~~~~~~~~~~
/home/kasonde/anaconda3/lib/gcc/x86_64-conda-linux-gnu/14.2.0/include/smmintrin.h:318:1: error: inlining failed in call to 'always_inline' '_mm_max_epu32': target specific option mismatch
  318 | _mm_max_epu32 (__m128i __X, __m128i __Y)
      | ^~~~~~~~~~~~~
conftest.c:35:17: note: called from here
   35 |     __m128i c = _mm_shuffle_epi8(_mm_max_epu32(a, b), b);
      |                 ^~~~~~~~~~~~~~~~~~~~~~~~~~~~~~~~~~~~~~~~
configure:4402: $? = 1
configure: failed program was:
| /* confdefs.h */
| #define PACKAGE_NAME "HTSlib"
| #define PACKAGE_TARNAME "htslib"
| #define PACKAGE_VERSION "1.23"
| #define PACKAGE_STRING "HTSlib 1.23"
| #define PACKAGE_BUGREPORT "samtools-help@lists.sourceforge.net"
| #define PACKAGE_URL "http://www.htslib.org/"
| #define HAVE_STDIO_H 1
| #define HAVE_STDLIB_H 1
| #define HAVE_STRING_H 1
| #define HAVE_INTTYPES_H 1
| #define HAVE_STDINT_H 1
| #define HAVE_STRINGS_H 1
| #define HAVE_SYS_STAT_H 1
| #define HAVE_SYS_TYPES_H 1
| #define HAVE_UNISTD_H 1
| #define HAVE_SYS_PARAM_H 1
| #define STDC_HEADERS 1
| #define _XOPEN_SOURCE 700
| #define HAVE_DECL___GET_CPUID_MAX 1
| #define HAVE_DECL___CPUID_COUNT 1
| #define HAVE_X86INTRIN_H 1
| /* end confdefs.h.  */
| 
|     #ifdef __x86_64__
|     #include "x86intrin.h"
|     #endif
| 
| int
| main (void)
| {
| 
|     #ifdef __x86_64__
|     __m128i a = _mm_set_epi32(1, 2, 3, 4), b = _mm_set_epi32(4, 3, 2, 1);
|     __m128i c = _mm_shuffle_epi8(_mm_max_epu32(a, b), b);
|     return _mm_popcnt_u32(*((char *) &c));
|     #endif
| 
|   ;
|   return 0;
| }
configure:4429: gcc -o conftest  -Wall  -I/mnt/f/research_drive/mtdna/leelab/mtDNA-analysis/zlib_build/include -I/mnt/f/research_drive/mtdna/leelab/mtDNA-analysis/bzip2_build/include  -msse4.1 -mssse3 -mpopcnt -I/mnt/f/research_drive/mtdna/leelab/mtDNA-analysis/zlib_build/include -I/mnt/f/research_drive/mtdna/leelab/mtDNA-analysis/bzip2_build/include -L/mnt/f/research_drive/mtdna/leelab/mtDNA-analysis/zlib_build/lib -L/mnt/f/research_drive/mtdna/leelab/mtDNA-analysis/bzip2_build/lib conftest.c /mnt/f/research_drive/mtdna/leelab/mtDNA-analysis/zlib_build/lib/libz.a /mnt/f/research_drive/mtdna/leelab/mtDNA-analysis/bzip2_build/lib/libbz2.a -llzma -lm >&5
configure:4429: $? = 0
configure:4445: result: -msse4.1 -mssse3 -mpopcnt
configure:4483: checking C compiler flags needed for avx2
configure:4512: gcc -o conftest  -Wall  -I/mnt/f/research_drive/mtdna/leelab/mtDNA-analysis/zlib_build/include -I/mnt/f/research_drive/mtdna/leelab/mtDNA-analysis/bzip2_build/include -I/mnt/f/research_drive/mtdna/leelab/mtDNA-analysis/zlib_build/include -I/mnt/f/research_drive/mtdna/leelab/mtDNA-analysis/bzip2_build/include -L/mnt/f/research_drive/mtdna/leelab/mtDNA-analysis/zlib_build/lib -L/mnt/f/research_drive/mtdna/leelab/mtDNA-analysis/bzip2_build/lib conftest.c /mnt/f/research_drive/mtdna/leelab/mtDNA-analysis/zlib_build/lib/libz.a /mnt/f/research_drive/mtdna/leelab/mtDNA-analysis/bzip2_build/lib/libbz2.a -llzma -lm >&5
conftest.c: In function 'main':
conftest.c:38:13: warning: AVX vector return without AVX enabled changes the ABI [-Wpsabi]
   38 |     __m256i a = _mm256_set_epi32(1, 2, 3, 4, 5, 6, 7, 8);
      |             ^
In file included from /home/kasonde/anaconda3/lib/gcc/x86_64-conda-linux-gnu/14.2.0/include/x86gprintrin.h:73,
                 from /home/kasonde/anaconda3/lib/gcc/x86_64-conda-linux-gnu/14.2.0/include/x86intrin.h:27,
                 from conftest.c:30:
/home/kasonde/anaconda3/lib/gcc/x86_64-conda-linux-gnu/14.2.0/include/popcntintrin.h:35:1: error: inlining failed in call to 'always_inline' '_mm_popcnt_u32': target specific option mismatch
   35 | _mm_popcnt_u32 (unsigned int __X)
      | ^~~~~~~~~~~~~~
conftest.c:41:12: note: called from here
   41 |     return _mm_popcnt_u32((int) c);
      |            ^~~~~~~~~~~~~~~~~~~~~~~
In file included from /home/kasonde/anaconda3/lib/gcc/x86_64-conda-linux-gnu/14.2.0/include/immintrin.h:53,
                 from /home/kasonde/anaconda3/lib/gcc/x86_64-conda-linux-gnu/14.2.0/include/x86intrin.h:32:
/home/kasonde/anaconda3/lib/gcc/x86_64-conda-linux-gnu/14.2.0/include/avx2intrin.h:119:1: error: inlining failed in call to 'always_inline' '_mm256_add_epi32': target specific option mismatch
  119 | _mm256_add_epi32 (__m256i __A, __m256i __B)
      | ^~~~~~~~~~~~~~~~
conftest.c:39:17: note: called from here
   39 |     __m256i b = _mm256_add_epi32(a, a);
      |                 ^~~~~~~~~~~~~~~~~~~~~~
In file included from /home/kasonde/anaconda3/lib/gcc/x86_64-conda-linux-gnu/14.2.0/include/immintrin.h:43:
/home/kasonde/anaconda3/lib/gcc/x86_64-conda-linux-gnu/14.2.0/include/avxintrin.h:1274:1: error: inlining failed in call to 'always_inline' '_mm256_set_epi32': target specific option mismatch
 1274 | _mm256_set_epi32 (int __A, int __B, int __C, int __D,
      | ^~~~~~~~~~~~~~~~
conftest.c:38:17: note: called from here
   38 |     __m256i a = _mm256_set_epi32(1, 2, 3, 4, 5, 6, 7, 8);
      |                 ^~~~~~~~~~~~~~~~~~~~~~~~~~~~~~~~~~~~~~~~
configure:4512: $? = 1
configure: failed program was:
| /* confdefs.h */
| #define PACKAGE_NAME "HTSlib"
| #define PACKAGE_TARNAME "htslib"
| #define PACKAGE_VERSION "1.23"
| #define PACKAGE_STRING "HTSlib 1.23"
| #define PACKAGE_BUGREPORT "samtools-help@lists.sourceforge.net"
| #define PACKAGE_URL "http://www.htslib.org/"
| #define HAVE_STDIO_H 1
| #define HAVE_STDLIB_H 1
| #define HAVE_STRING_H 1
| #define HAVE_INTTYPES_H 1
| #define HAVE_STDINT_H 1
| #define HAVE_STRINGS_H 1
| #define HAVE_SYS_STAT_H 1
| #define HAVE_SYS_TYPES_H 1
| #define HAVE_UNISTD_H 1
| #define HAVE_SYS_PARAM_H 1
| #define STDC_HEADERS 1
| #define _XOPEN_SOURCE 700
| #define HAVE_DECL___GET_CPUID_MAX 1
| #define HAVE_DECL___CPUID_COUNT 1
| #define HAVE_X86INTRIN_H 1
| #define HAVE_SSSE3 1
| #define HAVE_POPCNT 1
| #define HAVE_SSE4_1 1
| #define UBSAN 1
| /* end confdefs.h.  */
| 
|     #ifdef __x86_64__
|     #include "x86intrin.h"
|     #endif
| 
| int
| main (void)
| {
| 
|     #ifdef __x86_64__
|     __m256i a = _mm256_set_epi32(1, 2, 3, 4, 5, 6, 7, 8);
|     __m256i b = _mm256_add_epi32(a, a);
|     long long c = _mm256_extract_epi64(b, 0);
|     return _mm_popcnt_u32((int) c);
|     #endif
| 
|   ;
|   return 0;
| }
configure:4540: gcc -o conftest  -Wall  -I/mnt/f/research_drive/mtdna/leelab/mtDNA-analysis/zlib_build/include -I/mnt/f/research_drive/mtdna/leelab/mtDNA-analysis/bzip2_build/include  -mavx2 -mpopcnt -I/mnt/f/research_drive/mtdna/leelab/mtDNA-analysis/zlib_build/include -I/mnt/f/research_drive/mtdna/leelab/mtDNA-analysis/bzip2_build/include -L/mnt/f/research_drive/mtdna/leelab/mtDNA-analysis/zlib_build/lib -L/mnt/f/research_drive/mtdna/leelab/mtDNA-analysis/bzip2_build/lib conftest.c /mnt/f/research_drive/mtdna/leelab/mtDNA-analysis/zlib_build/lib/libz.a /mnt/f/research_drive/mtdna/leelab/mtDNA-analysis/bzip2_build/lib/libbz2.a -llzma -lm >&5
configure:4540: $? = 0
configure:4556: result: -mavx2 -mpopcnt
configure:4587: checking C compiler flags needed for avx512f
configure:4617: gcc -o conftest  -Wall  -I/mnt/f/research_drive/mtdna/leelab/mtDNA-analysis/zlib_build/include -I/mnt/f/research_drive/mtdna/leelab/mtDNA-analysis/bzip2_build/include -I/mnt/f/research_drive/mtdna/leelab/mtDNA-analysis/zlib_build/include -I/mnt/f/research_drive/mtdna/leelab/mtDNA-analysis/bzip2_build/include -L/mnt/f/research_drive/mtdna/leelab/mtDNA-analysis/zlib_build/lib -L/mnt/f/research_drive/mtdna/leelab/mtDNA-analysis/bzip2_build/lib conftest.c /mnt/f/research_drive/mtdna/leelab/mtDNA-analysis/zlib_build/lib/libz.a /mnt/f/research_drive/mtdna/leelab/mtDNA-analysis/bzip2_build/lib/libbz2.a -llzma -lm >&5
conftest.c: In function 'main':
conftest.c:40:13: warning: AVX512F vector return without AVX512F enabled changes the ABI [-Wpsabi]
   40 |     __m512i a = _mm512_set1_epi32(1);
      |             ^
conftest.c:42:13: warning: AVX vector return without AVX enabled changes the ABI [-Wpsabi]
   42 |     __m256i c = _mm512_castsi512_si256(b);
      |             ^
In file included from /home/kasonde/anaconda3/lib/gcc/x86_64-conda-linux-gnu/14.2.0/include/x86gprintrin.h:73,
                 from /home/kasonde/anaconda3/lib/gcc/x86_64-conda-linux-gnu/14.2.0/include/x86intrin.h:27,
                 from conftest.c:32:
/home/kasonde/anaconda3/lib/gcc/x86_64-conda-linux-gnu/14.2.0/include/popcntintrin.h:35:1: error: inlining failed in call to 'always_inline' '_mm_popcnt_u32': target specific option mismatch
   35 | _mm_popcnt_u32 (unsigned int __X)
      | ^~~~~~~~~~~~~~
conftest.c:44:12: note: called from here
   44 |     return _mm_popcnt_u32(*((char *) &c)) + (*(char *) &d);
      |            ^~~~~~~~~~~~~~~~~~~~~~~~~~~~~~
In file included from /home/kasonde/anaconda3/lib/gcc/x86_64-conda-linux-gnu/14.2.0/include/immintrin.h:43,
                 from /home/kasonde/anaconda3/lib/gcc/x86_64-conda-linux-gnu/14.2.0/include/x86intrin.h:32:
/home/kasonde/anaconda3/lib/gcc/x86_64-conda-linux-gnu/14.2.0/include/avxintrin.h:1228:1: error: inlining failed in call to 'always_inline' '_mm256_undefined_si256': target specific option mismatch
 1228 | _mm256_undefined_si256 (void)
      | ^~~~~~~~~~~~~~~~~~~~~~
In file included from /home/kasonde/anaconda3/lib/gcc/x86_64-conda-linux-gnu/14.2.0/include/immintrin.h:55:
conftest.c:43:17: note: called from here
   43 |     __m256i d = _mm512_extracti64x4_epi64(a, 1);
      |                 ^~~~~~~~~~~~~~~~~~~~~~~~~
/home/kasonde/anaconda3/lib/gcc/x86_64-conda-linux-gnu/14.2.0/include/avx512fintrin.h:15991:1: error: inlining failed in call to 'always_inline' '_mm512_castsi512_si256': target specific option mismatch
15991 | _mm512_castsi512_si256 (__m512i __A)
      | ^~~~~~~~~~~~~~~~~~~~~~
conftest.c:42:17: note: called from here
   42 |     __m256i c = _mm512_castsi512_si256(b);
      |                 ^~~~~~~~~~~~~~~~~~~~~~~~~
/home/kasonde/anaconda3/lib/gcc/x86_64-conda-linux-gnu/14.2.0/include/avx512fintrin.h:4669:1: error: inlining failed in call to 'always_inline' '_mm512_add_epi32': target specific option mismatch
 4669 | _mm512_add_epi32 (__m512i __A, __m512i __B)
      | ^~~~~~~~~~~~~~~~
conftest.c:41:17: note: called from here
   41 |     __m512i b = _mm512_add_epi32(a, a);
      |                 ^~~~~~~~~~~~~~~~~~~~~~
/home/kasonde/anaconda3/lib/gcc/x86_64-conda-linux-gnu/14.2.0/include/avx512fintrin.h:7322:1: error: inlining failed in call to 'always_inline' '_mm512_set1_epi32': target specific option mismatch
 7322 | _mm512_set1_epi32 (int __A)
      | ^~~~~~~~~~~~~~~~~
conftest.c:40:17: note: called from here
   40 |     __m512i a = _mm512_set1_epi32(1);
      |                 ^~~~~~~~~~~~~~~~~~~~
configure:4617: $? = 1
configure: failed program was:
| /* confdefs.h */
| #define PACKAGE_NAME "HTSlib"
| #define PACKAGE_TARNAME "htslib"
| #define PACKAGE_VERSION "1.23"
| #define PACKAGE_STRING "HTSlib 1.23"
| #define PACKAGE_BUGREPORT "samtools-help@lists.sourceforge.net"
| #define PACKAGE_URL "http://www.htslib.org/"
| #define HAVE_STDIO_H 1
| #define HAVE_STDLIB_H 1
| #define HAVE_STRING_H 1
| #define HAVE_INTTYPES_H 1
| #define HAVE_STDINT_H 1
| #define HAVE_STRINGS_H 1
| #define HAVE_SYS_STAT_H 1
| #define HAVE_SYS_TYPES_H 1
| #define HAVE_UNISTD_H 1
| #define HAVE_SYS_PARAM_H 1
| #define STDC_HEADERS 1
| #define _XOPEN_SOURCE 700
| #define HAVE_DECL___GET_CPUID_MAX 1
| #define HAVE_DECL___CPUID_COUNT 1
| #define HAVE_X86INTRIN_H 1
| #define HAVE_SSSE3 1
| #define HAVE_POPCNT 1
| #define HAVE_SSE4_1 1
| #define UBSAN 1
| #define HAVE_POPCNT 1
| #define HAVE_AVX2 1
| /* end confdefs.h.  */
| 
|     #ifdef __x86_64__
|     #include "x86intrin.h"
|     #endif
| 
| int
| main (void)
| {
| 
|     #ifdef __x86_64__
|     __m512i a = _mm512_set1_epi32(1);
|     __m512i b = _mm512_add_epi32(a, a);
|     __m256i c = _mm512_castsi512_si256(b);
|     __m256i d = _mm512_extracti64x4_epi64(a, 1);
|     return _mm_popcnt_u32(*((char *) &c)) + (*(char *) &d);
|     #endif
| 
|   ;
|   return 0;
| }
configure:4646: gcc -o conftest  -Wall  -I/mnt/f/research_drive/mtdna/leelab/mtDNA-analysis/zlib_build/include -I/mnt/f/research_drive/mtdna/leelab/mtDNA-analysis/bzip2_build/include  -mavx512f -mpopcnt -I/mnt/f/research_drive/mtdna/leelab/mtDNA-analysis/zlib_build/include -I/mnt/f/research_drive/mtdna/leelab/mtDNA-analysis/bzip2_build/include -L/mnt/f/research_drive/mtdna/leelab/mtDNA-analysis/zlib_build/lib -L/mnt/f/research_drive/mtdna/leelab/mtDNA-analysis/bzip2_build/lib conftest.c /mnt/f/research_drive/mtdna/leelab/mtDNA-analysis/zlib_build/lib/libz.a /mnt/f/research_drive/mtdna/leelab/mtDNA-analysis/bzip2_build/lib/libbz2.a -llzma -lm >&5
configure:4646: $? = 0
configure:4662: result: -mavx512f -mpopcnt
configure:4693: checking for working __builtin_cpu_supports("ssse3")
configure:4710: gcc -o conftest  -Wall  -I/mnt/f/research_drive/mtdna/leelab/mtDNA-analysis/zlib_build/include -I/mnt/f/research_drive/mtdna/leelab/mtDNA-analysis/bzip2_build/include -I/mnt/f/research_drive/mtdna/leelab/mtDNA-analysis/zlib_build/include -I/mnt/f/research_drive/mtdna/leelab/mtDNA-analysis/bzip2_build/include -L/mnt/f/research_drive/mtdna/leelab/mtDNA-analysis/zlib_build/lib -L/mnt/f/research_drive/mtdna/leelab/mtDNA-analysis/bzip2_build/lib conftest.c /mnt/f/research_drive/mtdna/leelab/mtDNA-analysis/zlib_build/lib/libz.a /mnt/f/research_drive/mtdna/leelab/mtDNA-analysis/bzip2_build/lib/libbz2.a -llzma -lm >&5
configure:4710: $? = 0
configure:4713: result: yes
configure:4729: checking for working __attribute__((target("ssse3")))
configure:4755: gcc -c  -Wall  -I/mnt/f/research_drive/mtdna/leelab/mtDNA-analysis/zlib_build/include -I/mnt/f/research_drive/mtdna/leelab/mtDNA-analysis/bzip2_build/include -I/mnt/f/research_drive/mtdna/leelab/mtDNA-analysis/zlib_build/include -I/mnt/f/research_drive/mtdna/leelab/mtDNA-analysis/bzip2_build/include conftest.c >&5
configure:4755: $? = 0
configure:4758: result: yes
configure:4835: checking for pkg-config
configure:4858: found /usr/bin/pkg-config
configure:4871: result: /usr/bin/pkg-config
configure:4896: checking pkg-config is at least version 0.9.0
configure:4899: result: yes
configure:4951: checking for gcc option to enable large file support
configure:4986: gcc -c  -Wall  -I/mnt/f/research_drive/mtdna/leelab/mtDNA-analysis/zlib_build/include -I/mnt/f/research_drive/mtdna/leelab/mtDNA-analysis/bzip2_build/include -I/mnt/f/research_drive/mtdna/leelab/mtDNA-analysis/zlib_build/include -I/mnt/f/research_drive/mtdna/leelab/mtDNA-analysis/bzip2_build/include conftest.c >&5
configure:4986: $? = 0
configure:4992: gcc -DFTYPE=ino_t -c  -Wall  -I/mnt/f/research_drive/mtdna/leelab/mtDNA-analysis/zlib_build/include -I/mnt/f/research_drive/mtdna/leelab/mtDNA-analysis/bzip2_build/include -I/mnt/f/research_drive/mtdna/leelab/mtDNA-analysis/zlib_build/include -I/mnt/f/research_drive/mtdna/leelab/mtDNA-analysis/bzip2_build/include conftest.c >&5
configure:4992: $? = 0
configure:5017: result: none needed
configure:5236: checking shared library type for unknown-Linux
configure:5266: result: plain .so
configure:5272: checking whether the linker supports versioned symbols
configure:5292: gcc -o conftest  -Wall  -I/mnt/f/research_drive/mtdna/leelab/mtDNA-analysis/zlib_build/include -I/mnt/f/research_drive/mtdna/leelab/mtDNA-analysis/bzip2_build/include -I/mnt/f/research_drive/mtdna/leelab/mtDNA-analysis/zlib_build/include -I/mnt/f/research_drive/mtdna/leelab/mtDNA-analysis/bzip2_build/include -Wl,-version-script,./htslib.map -L/mnt/f/research_drive/mtdna/leelab/mtDNA-analysis/zlib_build/lib -L/mnt/f/research_drive/mtdna/leelab/mtDNA-analysis/bzip2_build/lib conftest.c /mnt/f/research_drive/mtdna/leelab/mtDNA-analysis/zlib_build/lib/libz.a /mnt/f/research_drive/mtdna/leelab/mtDNA-analysis/bzip2_build/lib/libbz2.a -llzma -lm >&5
configure:5292: $? = 0
configure:5305: result: yes
configure:5324: checking whether the compiler accepts -fvisibility=hidden
configure:5345: gcc -o conftest  -Wall  -I/mnt/f/research_drive/mtdna/leelab/mtDNA-analysis/zlib_build/include -I/mnt/f/research_drive/mtdna/leelab/mtDNA-analysis/bzip2_build/include -fvisibility=hidden -I/mnt/f/research_drive/mtdna/leelab/mtDNA-analysis/zlib_build/include -I/mnt/f/research_drive/mtdna/leelab/mtDNA-analysis/bzip2_build/include -L/mnt/f/research_drive/mtdna/leelab/mtDNA-analysis/zlib_build/lib -L/mnt/f/research_drive/mtdna/leelab/mtDNA-analysis/bzip2_build/lib -fvisibility=hidden conftest.c /mnt/f/research_drive/mtdna/leelab/mtDNA-analysis/zlib_build/lib/libz.a /mnt/f/research_drive/mtdna/leelab/mtDNA-analysis/bzip2_build/lib/libbz2.a -llzma -lm >&5
configure:5345: $? = 0
configure:5362: result: yes
configure:5425: checking build system type
configure:5441: result: x86_64-pc-linux-gnu
configure:5461: checking host system type
configure:5476: result: x86_64-pc-linux-gnu
configure:5501: checking for getpagesize
configure:5501: gcc -o conftest  -Wall  -I/mnt/f/research_drive/mtdna/leelab/mtDNA-analysis/zlib_build/include -I/mnt/f/research_drive/mtdna/leelab/mtDNA-analysis/bzip2_build/include -fvisibility=hidden -I/mnt/f/research_drive/mtdna/leelab/mtDNA-analysis/zlib_build/include -I/mnt/f/research_drive/mtdna/leelab/mtDNA-analysis/bzip2_build/include -L/mnt/f/research_drive/mtdna/leelab/mtDNA-analysis/zlib_build/lib -L/mnt/f/research_drive/mtdna/leelab/mtDNA-analysis/bzip2_build/lib -fvisibility=hidden conftest.c /mnt/f/research_drive/mtdna/leelab/mtDNA-analysis/zlib_build/lib/libz.a /mnt/f/research_drive/mtdna/leelab/mtDNA-analysis/bzip2_build/lib/libbz2.a -llzma -lm >&5
configure:5501: $? = 0
configure:5501: result: yes
configure:5512: checking for working mmap
configure:5662: gcc -o conftest  -Wall  -I/mnt/f/research_drive/mtdna/leelab/mtDNA-analysis/zlib_build/include -I/mnt/f/research_drive/mtdna/leelab/mtDNA-analysis/bzip2_build/include -fvisibility=hidden -I/mnt/f/research_drive/mtdna/leelab/mtDNA-analysis/zlib_build/include -I/mnt/f/research_drive/mtdna/leelab/mtDNA-analysis/bzip2_build/include -L/mnt/f/research_drive/mtdna/leelab/mtDNA-analysis/zlib_build/lib -L/mnt/f/research_drive/mtdna/leelab/mtDNA-analysis/bzip2_build/lib -fvisibility=hidden conftest.c /mnt/f/research_drive/mtdna/leelab/mtDNA-analysis/zlib_build/lib/libz.a /mnt/f/research_drive/mtdna/leelab/mtDNA-analysis/bzip2_build/lib/libbz2.a -llzma -lm >&5
configure:5662: $? = 0
configure:5662: ./conftest
configure:5662: $? = 0
configure:5676: result: yes
configure:5685: checking for gmtime_r
configure:5685: gcc -o conftest  -Wall  -I/mnt/f/research_drive/mtdna/leelab/mtDNA-analysis/zlib_build/include -I/mnt/f/research_drive/mtdna/leelab/mtDNA-analysis/bzip2_build/include -fvisibility=hidden -I/mnt/f/research_drive/mtdna/leelab/mtDNA-analysis/zlib_build/include -I/mnt/f/research_drive/mtdna/leelab/mtDNA-analysis/bzip2_build/include -L/mnt/f/research_drive/mtdna/leelab/mtDNA-analysis/zlib_build/lib -L/mnt/f/research_drive/mtdna/leelab/mtDNA-analysis/bzip2_build/lib -fvisibility=hidden conftest.c /mnt/f/research_drive/mtdna/leelab/mtDNA-analysis/zlib_build/lib/libz.a /mnt/f/research_drive/mtdna/leelab/mtDNA-analysis/bzip2_build/lib/libbz2.a -llzma -lm >&5
configure:5685: $? = 0
configure:5685: result: yes
configure:5691: checking for fsync
configure:5691: gcc -o conftest  -Wall  -I/mnt/f/research_drive/mtdna/leelab/mtDNA-analysis/zlib_build/include -I/mnt/f/research_drive/mtdna/leelab/mtDNA-analysis/bzip2_build/include -fvisibility=hidden -I/mnt/f/research_drive/mtdna/leelab/mtDNA-analysis/zlib_build/include -I/mnt/f/research_drive/mtdna/leelab/mtDNA-analysis/bzip2_build/include -L/mnt/f/research_drive/mtdna/leelab/mtDNA-analysis/zlib_build/lib -L/mnt/f/research_drive/mtdna/leelab/mtDNA-analysis/bzip2_build/lib -fvisibility=hidden conftest.c /mnt/f/research_drive/mtdna/leelab/mtDNA-analysis/zlib_build/lib/libz.a /mnt/f/research_drive/mtdna/leelab/mtDNA-analysis/bzip2_build/lib/libbz2.a -llzma -lm >&5
configure:5691: $? = 0
configure:5691: result: yes
configure:5697: checking for drand48
configure:5697: gcc -o conftest  -Wall  -I/mnt/f/research_drive/mtdna/leelab/mtDNA-analysis/zlib_build/include -I/mnt/f/research_drive/mtdna/leelab/mtDNA-analysis/bzip2_build/include -fvisibility=hidden -I/mnt/f/research_drive/mtdna/leelab/mtDNA-analysis/zlib_build/include -I/mnt/f/research_drive/mtdna/leelab/mtDNA-analysis/bzip2_build/include -L/mnt/f/research_drive/mtdna/leelab/mtDNA-analysis/zlib_build/lib -L/mnt/f/research_drive/mtdna/leelab/mtDNA-analysis/bzip2_build/lib -fvisibility=hidden conftest.c /mnt/f/research_drive/mtdna/leelab/mtDNA-analysis/zlib_build/lib/libz.a /mnt/f/research_drive/mtdna/leelab/mtDNA-analysis/bzip2_build/lib/libbz2.a -llzma -lm >&5
configure:5697: $? = 0
configure:5697: result: yes
configure:5703: checking for srand48_deterministic
configure:5703: gcc -o conftest  -Wall  -I/mnt/f/research_drive/mtdna/leelab/mtDNA-analysis/zlib_build/include -I/mnt/f/research_drive/mtdna/leelab/mtDNA-analysis/bzip2_build/include -fvisibility=hidden -I/mnt/f/research_drive/mtdna/leelab/mtDNA-analysis/zlib_build/include -I/mnt/f/research_drive/mtdna/leelab/mtDNA-analysis/bzip2_build/include -L/mnt/f/research_drive/mtdna/leelab/mtDNA-analysis/zlib_build/lib -L/mnt/f/research_drive/mtdna/leelab/mtDNA-analysis/bzip2_build/lib -fvisibility=hidden conftest.c /mnt/f/research_drive/mtdna/leelab/mtDNA-analysis/zlib_build/lib/libz.a /mnt/f/research_drive/mtdna/leelab/mtDNA-analysis/bzip2_build/lib/libbz2.a -llzma -lm >&5
/home/kasonde/anaconda3/bin/../lib/gcc/x86_64-conda-linux-gnu/14.2.0/../../../../x86_64-conda-linux-gnu/bin/ld: /tmp/ccvbWIqK.o: in function `main':
conftest.c:(.text+0x5): undefined reference to `srand48_deterministic'
collect2: error: ld returned 1 exit status
configure:5703: $? = 1
configure: failed program was:
| /* confdefs.h */
| #define PACKAGE_NAME "HTSlib"
| #define PACKAGE_TARNAME "htslib"
| #define PACKAGE_VERSION "1.23"
| #define PACKAGE_STRING "HTSlib 1.23"
| #define PACKAGE_BUGREPORT "samtools-help@lists.sourceforge.net"
| #define PACKAGE_URL "http://www.htslib.org/"
| #define HAVE_STDIO_H 1
| #define HAVE_STDLIB_H 1
| #define HAVE_STRING_H 1
| #define HAVE_INTTYPES_H 1
| #define HAVE_STDINT_H 1
| #define HAVE_STRINGS_H 1
| #define HAVE_SYS_STAT_H 1
| #define HAVE_SYS_TYPES_H 1
| #define HAVE_UNISTD_H 1
| #define HAVE_SYS_PARAM_H 1
| #define STDC_HEADERS 1
| #define _XOPEN_SOURCE 700
| #define HAVE_DECL___GET_CPUID_MAX 1
| #define HAVE_DECL___CPUID_COUNT 1
| #define HAVE_X86INTRIN_H 1
| #define HAVE_SSSE3 1
| #define HAVE_POPCNT 1
| #define HAVE_SSE4_1 1
| #define UBSAN 1
| #define HAVE_POPCNT 1
| #define HAVE_AVX2 1
| #define HAVE_POPCNT 1
| #define HAVE_AVX512 1
| #define HAVE_BUILTIN_CPU_SUPPORT_SSSE3 1
| #define HAVE_ATTRIBUTE_TARGET_SSSE3 1
| #define HAVE_GETPAGESIZE 1
| #define HAVE_MMAP 1
| #define HAVE_GMTIME_R 1
| #define HAVE_FSYNC 1
| #define HAVE_DRAND48 1
| /* end confdefs.h.  */
| /* Define srand48_deterministic to an innocuous variant, in case <limits.h> declares srand48_deterministic.
|    For example, HP-UX 11i <limits.h> declares gettimeofday.  */
| #define srand48_deterministic innocuous_srand48_deterministic
| 
| /* System header to define __stub macros and hopefully few prototypes,
|    which can conflict with char srand48_deterministic (void); below.  */
| 
| #include <limits.h>
| #undef srand48_deterministic
| 
| /* Override any GCC internal prototype to avoid an error.
|    Use char because int might match the return type of a GCC
|    builtin and then its argument prototype would still apply.  */
| #ifdef __cplusplus
| extern "C"
| #endif
| char srand48_deterministic (void);
| /* The GNU C library defines this for functions which it implements
|     to always fail with ENOSYS.  Some functions are actually named
|     something starting with __ and the normal name is an alias.  */
| #if defined __stub_srand48_deterministic || defined __stub___srand48_deterministic
| choke me
| #endif
| 
| int
| main (void)
| {
| return srand48_deterministic ();
|   ;
|   return 0;
| }
configure:5703: result: no
configure:5709: checking for getauxval
configure:5709: gcc -o conftest  -Wall  -I/mnt/f/research_drive/mtdna/leelab/mtDNA-analysis/zlib_build/include -I/mnt/f/research_drive/mtdna/leelab/mtDNA-analysis/bzip2_build/include -fvisibility=hidden -I/mnt/f/research_drive/mtdna/leelab/mtDNA-analysis/zlib_build/include -I/mnt/f/research_drive/mtdna/leelab/mtDNA-analysis/bzip2_build/include -L/mnt/f/research_drive/mtdna/leelab/mtDNA-analysis/zlib_build/lib -L/mnt/f/research_drive/mtdna/leelab/mtDNA-analysis/bzip2_build/lib -fvisibility=hidden conftest.c /mnt/f/research_drive/mtdna/leelab/mtDNA-analysis/zlib_build/lib/libz.a /mnt/f/research_drive/mtdna/leelab/mtDNA-analysis/bzip2_build/lib/libbz2.a -llzma -lm >&5
configure:5709: $? = 0
configure:5709: result: yes
configure:5715: checking for elf_aux_info
configure:5715: gcc -o conftest  -Wall  -I/mnt/f/research_drive/mtdna/leelab/mtDNA-analysis/zlib_build/include -I/mnt/f/research_drive/mtdna/leelab/mtDNA-analysis/bzip2_build/include -fvisibility=hidden -I/mnt/f/research_drive/mtdna/leelab/mtDNA-analysis/zlib_build/include -I/mnt/f/research_drive/mtdna/leelab/mtDNA-analysis/bzip2_build/include -L/mnt/f/research_drive/mtdna/leelab/mtDNA-analysis/zlib_build/lib -L/mnt/f/research_drive/mtdna/leelab/mtDNA-analysis/bzip2_build/lib -fvisibility=hidden conftest.c /mnt/f/research_drive/mtdna/leelab/mtDNA-analysis/zlib_build/lib/libz.a /mnt/f/research_drive/mtdna/leelab/mtDNA-analysis/bzip2_build/lib/libbz2.a -llzma -lm >&5
/home/kasonde/anaconda3/bin/../lib/gcc/x86_64-conda-linux-gnu/14.2.0/../../../../x86_64-conda-linux-gnu/bin/ld: /tmp/ccenpoE1.o: in function `main':
conftest.c:(.text+0x5): undefined reference to `elf_aux_info'
collect2: error: ld returned 1 exit status
configure:5715: $? = 1
configure: failed program was:
| /* confdefs.h */
| #define PACKAGE_NAME "HTSlib"
| #define PACKAGE_TARNAME "htslib"
| #define PACKAGE_VERSION "1.23"
| #define PACKAGE_STRING "HTSlib 1.23"
| #define PACKAGE_BUGREPORT "samtools-help@lists.sourceforge.net"
| #define PACKAGE_URL "http://www.htslib.org/"
| #define HAVE_STDIO_H 1
| #define HAVE_STDLIB_H 1
| #define HAVE_STRING_H 1
| #define HAVE_INTTYPES_H 1
| #define HAVE_STDINT_H 1
| #define HAVE_STRINGS_H 1
| #define HAVE_SYS_STAT_H 1
| #define HAVE_SYS_TYPES_H 1
| #define HAVE_UNISTD_H 1
| #define HAVE_SYS_PARAM_H 1
| #define STDC_HEADERS 1
| #define _XOPEN_SOURCE 700
| #define HAVE_DECL___GET_CPUID_MAX 1
| #define HAVE_DECL___CPUID_COUNT 1
| #define HAVE_X86INTRIN_H 1
| #define HAVE_SSSE3 1
| #define HAVE_POPCNT 1
| #define HAVE_SSE4_1 1
| #define UBSAN 1
| #define HAVE_POPCNT 1
| #define HAVE_AVX2 1
| #define HAVE_POPCNT 1
| #define HAVE_AVX512 1
| #define HAVE_BUILTIN_CPU_SUPPORT_SSSE3 1
| #define HAVE_ATTRIBUTE_TARGET_SSSE3 1
| #define HAVE_GETPAGESIZE 1
| #define HAVE_MMAP 1
| #define HAVE_GMTIME_R 1
| #define HAVE_FSYNC 1
| #define HAVE_DRAND48 1
| #define HAVE_GETAUXVAL 1
| /* end confdefs.h.  */
| /* Define elf_aux_info to an innocuous variant, in case <limits.h> declares elf_aux_info.
|    For example, HP-UX 11i <limits.h> declares gettimeofday.  */
| #define elf_aux_info innocuous_elf_aux_info
| 
| /* System header to define __stub macros and hopefully few prototypes,
|    which can conflict with char elf_aux_info (void); below.  */
| 
| #include <limits.h>
| #undef elf_aux_info
| 
| /* Override any GCC internal prototype to avoid an error.
|    Use char because int might match the return type of a GCC
|    builtin and then its argument prototype would still apply.  */
| #ifdef __cplusplus
| extern "C"
| #endif
| char elf_aux_info (void);
| /* The GNU C library defines this for functions which it implements
|     to always fail with ENOSYS.  Some functions are actually named
|     something starting with __ and the normal name is an alias.  */
| #if defined __stub_elf_aux_info || defined __stub___elf_aux_info
| choke me
| #endif
| 
| int
| main (void)
| {
| return elf_aux_info ();
|   ;
|   return 0;
| }
configure:5715: result: no
configure:5721: checking for posix_memalign
configure:5721: gcc -o conftest  -Wall  -I/mnt/f/research_drive/mtdna/leelab/mtDNA-analysis/zlib_build/include -I/mnt/f/research_drive/mtdna/leelab/mtDNA-analysis/bzip2_build/include -fvisibility=hidden -I/mnt/f/research_drive/mtdna/leelab/mtDNA-analysis/zlib_build/include -I/mnt/f/research_drive/mtdna/leelab/mtDNA-analysis/bzip2_build/include -L/mnt/f/research_drive/mtdna/leelab/mtDNA-analysis/zlib_build/lib -L/mnt/f/research_drive/mtdna/leelab/mtDNA-analysis/bzip2_build/lib -fvisibility=hidden conftest.c /mnt/f/research_drive/mtdna/leelab/mtDNA-analysis/zlib_build/lib/libz.a /mnt/f/research_drive/mtdna/leelab/mtDNA-analysis/bzip2_build/lib/libbz2.a -llzma -lm >&5
conftest.c:56:6: warning: conflicting types for built-in function 'posix_memalign'; expected 'int(void **, long unsigned int,  long unsigned int)' [-Wbuiltin-declaration-mismatch]
   56 | char posix_memalign (void);
      |      ^~~~~~~~~~~~~~
configure:5721: $? = 0
configure:5721: result: yes
configure:5731: checking whether fdatasync is declared
configure:5731: gcc -c  -Wall  -I/mnt/f/research_drive/mtdna/leelab/mtDNA-analysis/zlib_build/include -I/mnt/f/research_drive/mtdna/leelab/mtDNA-analysis/bzip2_build/include -fvisibility=hidden  -I/mnt/f/research_drive/mtdna/leelab/mtDNA-analysis/zlib_build/include -I/mnt/f/research_drive/mtdna/leelab/mtDNA-analysis/bzip2_build/include conftest.c >&5
configure:5731: $? = 0
configure:5731: result: yes
configure:5734: checking for fdatasync
configure:5734: gcc -o conftest  -Wall  -I/mnt/f/research_drive/mtdna/leelab/mtDNA-analysis/zlib_build/include -I/mnt/f/research_drive/mtdna/leelab/mtDNA-analysis/bzip2_build/include -fvisibility=hidden -I/mnt/f/research_drive/mtdna/leelab/mtDNA-analysis/zlib_build/include -I/mnt/f/research_drive/mtdna/leelab/mtDNA-analysis/bzip2_build/include -L/mnt/f/research_drive/mtdna/leelab/mtDNA-analysis/zlib_build/lib -L/mnt/f/research_drive/mtdna/leelab/mtDNA-analysis/bzip2_build/lib -fvisibility=hidden conftest.c /mnt/f/research_drive/mtdna/leelab/mtDNA-analysis/zlib_build/lib/libz.a /mnt/f/research_drive/mtdna/leelab/mtDNA-analysis/bzip2_build/lib/libbz2.a -llzma -lm >&5
configure:5734: $? = 0
configure:5734: result: yes
configure:5743: checking for __attribute__((constructor))
configure:5758: gcc -o conftest  -Wall  -I/mnt/f/research_drive/mtdna/leelab/mtDNA-analysis/zlib_build/include -I/mnt/f/research_drive/mtdna/leelab/mtDNA-analysis/bzip2_build/include -fvisibility=hidden -I/mnt/f/research_drive/mtdna/leelab/mtDNA-analysis/zlib_build/include -I/mnt/f/research_drive/mtdna/leelab/mtDNA-analysis/bzip2_build/include -L/mnt/f/research_drive/mtdna/leelab/mtDNA-analysis/zlib_build/lib -L/mnt/f/research_drive/mtdna/leelab/mtDNA-analysis/bzip2_build/lib -fvisibility=hidden conftest.c /mnt/f/research_drive/mtdna/leelab/mtDNA-analysis/zlib_build/lib/libz.a /mnt/f/research_drive/mtdna/leelab/mtDNA-analysis/bzip2_build/lib/libbz2.a -llzma -lm >&5
configure:5758: $? = 0
configure:5761: result: yes
configure:5775: checking for clock_gettime with CLOCK_PROCESS_CPUTIME_ID
configure:5791: gcc -o conftest  -Wall  -I/mnt/f/research_drive/mtdna/leelab/mtDNA-analysis/zlib_build/include -I/mnt/f/research_drive/mtdna/leelab/mtDNA-analysis/bzip2_build/include -fvisibility=hidden -I/mnt/f/research_drive/mtdna/leelab/mtDNA-analysis/zlib_build/include -I/mnt/f/research_drive/mtdna/leelab/mtDNA-analysis/bzip2_build/include -L/mnt/f/research_drive/mtdna/leelab/mtDNA-analysis/zlib_build/lib -L/mnt/f/research_drive/mtdna/leelab/mtDNA-analysis/bzip2_build/lib -fvisibility=hidden conftest.c /mnt/f/research_drive/mtdna/leelab/mtDNA-analysis/zlib_build/lib/libz.a /mnt/f/research_drive/mtdna/leelab/mtDNA-analysis/bzip2_build/lib/libbz2.a -llzma -lm >&5
configure:5791: $? = 0
configure:5794: result: yes
configure:5947: checking for library containing log
configure:5983: gcc -o conftest  -Wall  -I/mnt/f/research_drive/mtdna/leelab/mtDNA-analysis/zlib_build/include -I/mnt/f/research_drive/mtdna/leelab/mtDNA-analysis/bzip2_build/include -fvisibility=hidden -I/mnt/f/research_drive/mtdna/leelab/mtDNA-analysis/zlib_build/include -I/mnt/f/research_drive/mtdna/leelab/mtDNA-analysis/bzip2_build/include -L/mnt/f/research_drive/mtdna/leelab/mtDNA-analysis/zlib_build/lib -L/mnt/f/research_drive/mtdna/leelab/mtDNA-analysis/bzip2_build/lib -fvisibility=hidden conftest.c /mnt/f/research_drive/mtdna/leelab/mtDNA-analysis/zlib_build/lib/libz.a /mnt/f/research_drive/mtdna/leelab/mtDNA-analysis/bzip2_build/lib/libbz2.a -llzma -lm >&5
conftest.c:54:6: warning: conflicting types for built-in function 'log'; expected 'double(double)' [-Wbuiltin-declaration-mismatch]
   54 | char log (void);
      |      ^~~
conftest.c:1:1: note: 'log' is declared in header '<math.h>'
    1 | /* confdefs.h */
configure:5983: $? = 0
configure:6005: result: none required
configure:6027: checking for zlib.h
configure:6027: gcc -c  -Wall  -I/mnt/f/research_drive/mtdna/leelab/mtDNA-analysis/zlib_build/include -I/mnt/f/research_drive/mtdna/leelab/mtDNA-analysis/bzip2_build/include -fvisibility=hidden -I/mnt/f/research_drive/mtdna/leelab/mtDNA-analysis/zlib_build/include -I/mnt/f/research_drive/mtdna/leelab/mtDNA-analysis/bzip2_build/include conftest.c >&5
configure:6027: $? = 0
configure:6027: result: yes
configure:6037: checking for inflate in -lz
configure:6066: gcc -o conftest  -Wall  -I/mnt/f/research_drive/mtdna/leelab/mtDNA-analysis/zlib_build/include -I/mnt/f/research_drive/mtdna/leelab/mtDNA-analysis/bzip2_build/include -fvisibility=hidden -I/mnt/f/research_drive/mtdna/leelab/mtDNA-analysis/zlib_build/include -I/mnt/f/research_drive/mtdna/leelab/mtDNA-analysis/bzip2_build/include -L/mnt/f/research_drive/mtdna/leelab/mtDNA-analysis/zlib_build/lib -L/mnt/f/research_drive/mtdna/leelab/mtDNA-analysis/bzip2_build/lib -fvisibility=hidden conftest.c -lz  /mnt/f/research_drive/mtdna/leelab/mtDNA-analysis/zlib_build/lib/libz.a /mnt/f/research_drive/mtdna/leelab/mtDNA-analysis/bzip2_build/lib/libbz2.a -llzma -lm >&5
configure:6066: $? = 0
configure:6078: result: yes
configure:6109: checking for library containing recv
configure:6145: gcc -o conftest  -Wall  -I/mnt/f/research_drive/mtdna/leelab/mtDNA-analysis/zlib_build/include -I/mnt/f/research_drive/mtdna/leelab/mtDNA-analysis/bzip2_build/include -fvisibility=hidden -I/mnt/f/research_drive/mtdna/leelab/mtDNA-analysis/zlib_build/include -I/mnt/f/research_drive/mtdna/leelab/mtDNA-analysis/bzip2_build/include -L/mnt/f/research_drive/mtdna/leelab/mtDNA-analysis/zlib_build/lib -L/mnt/f/research_drive/mtdna/leelab/mtDNA-analysis/bzip2_build/lib -fvisibility=hidden conftest.c -lz /mnt/f/research_drive/mtdna/leelab/mtDNA-analysis/zlib_build/lib/libz.a /mnt/f/research_drive/mtdna/leelab/mtDNA-analysis/bzip2_build/lib/libbz2.a -llzma -lm >&5
configure:6145: $? = 0
configure:6167: result: none required
configure:6217: checking for bzlib.h
configure:6217: gcc -c  -Wall  -I/mnt/f/research_drive/mtdna/leelab/mtDNA-analysis/zlib_build/include -I/mnt/f/research_drive/mtdna/leelab/mtDNA-analysis/bzip2_build/include -fvisibility=hidden -I/mnt/f/research_drive/mtdna/leelab/mtDNA-analysis/zlib_build/include -I/mnt/f/research_drive/mtdna/leelab/mtDNA-analysis/bzip2_build/include conftest.c >&5
configure:6217: $? = 0
configure:6217: result: yes
configure:6227: checking for BZ2_bzBuffToBuffCompress in -lbz2
configure:6256: gcc -o conftest  -Wall  -I/mnt/f/research_drive/mtdna/leelab/mtDNA-analysis/zlib_build/include -I/mnt/f/research_drive/mtdna/leelab/mtDNA-analysis/bzip2_build/include -fvisibility=hidden -I/mnt/f/research_drive/mtdna/leelab/mtDNA-analysis/zlib_build/include -I/mnt/f/research_drive/mtdna/leelab/mtDNA-analysis/bzip2_build/include -L/mnt/f/research_drive/mtdna/leelab/mtDNA-analysis/zlib_build/lib -L/mnt/f/research_drive/mtdna/leelab/mtDNA-analysis/bzip2_build/lib -fvisibility=hidden conftest.c -lbz2  -lz /mnt/f/research_drive/mtdna/leelab/mtDNA-analysis/zlib_build/lib/libz.a /mnt/f/research_drive/mtdna/leelab/mtDNA-analysis/bzip2_build/lib/libbz2.a -llzma -lm >&5
configure:6256: $? = 0
configure:6268: result: yes
configure:6312: checking for lzma.h
configure:6312: gcc -c  -Wall  -I/mnt/f/research_drive/mtdna/leelab/mtDNA-analysis/zlib_build/include -I/mnt/f/research_drive/mtdna/leelab/mtDNA-analysis/bzip2_build/include -fvisibility=hidden -I/mnt/f/research_drive/mtdna/leelab/mtDNA-analysis/zlib_build/include -I/mnt/f/research_drive/mtdna/leelab/mtDNA-analysis/bzip2_build/include conftest.c >&5
conftest.c:48:10: fatal error: lzma.h: No such file or directory
   48 | #include <lzma.h>
      |          ^~~~~~~~
compilation terminated.
configure:6312: $? = 1
configure: failed program was:
| /* confdefs.h */
| #define PACKAGE_NAME "HTSlib"
| #define PACKAGE_TARNAME "htslib"
| #define PACKAGE_VERSION "1.23"
| #define PACKAGE_STRING "HTSlib 1.23"
| #define PACKAGE_BUGREPORT "samtools-help@lists.sourceforge.net"
| #define PACKAGE_URL "http://www.htslib.org/"
| #define HAVE_STDIO_H 1
| #define HAVE_STDLIB_H 1
| #define HAVE_STRING_H 1
| #define HAVE_INTTYPES_H 1
| #define HAVE_STDINT_H 1
| #define HAVE_STRINGS_H 1
| #define HAVE_SYS_STAT_H 1
| #define HAVE_SYS_TYPES_H 1
| #define HAVE_UNISTD_H 1
| #define HAVE_SYS_PARAM_H 1
| #define STDC_HEADERS 1
| #define _XOPEN_SOURCE 700
| #define HAVE_DECL___GET_CPUID_MAX 1
| #define HAVE_DECL___CPUID_COUNT 1
| #define HAVE_X86INTRIN_H 1
| #define HAVE_SSSE3 1
| #define HAVE_POPCNT 1
| #define HAVE_SSE4_1 1
| #define UBSAN 1
| #define HAVE_POPCNT 1
| #define HAVE_AVX2 1
| #define HAVE_POPCNT 1
| #define HAVE_AVX512 1
| #define HAVE_BUILTIN_CPU_SUPPORT_SSSE3 1
| #define HAVE_ATTRIBUTE_TARGET_SSSE3 1
| #define HAVE_GETPAGESIZE 1
| #define HAVE_MMAP 1
| #define HAVE_GMTIME_R 1
| #define HAVE_FSYNC 1
| #define HAVE_DRAND48 1
| #define HAVE_GETAUXVAL 1
| #define HAVE_POSIX_MEMALIGN 1
| #define HAVE_FDATASYNC 1
| #define HAVE_ATTRIBUTE_CONSTRUCTOR 1
| #define HAVE_CLOCK_GETTIME_CPUTIME 1
| #define HAVE_LIBZ 1
| #define HAVE_LIBBZ2 1
| /* end confdefs.h.  */
| ;
| 
| #include <lzma.h>
configure:6312: result: no
configure:6324: checking for lzma_easy_buffer_encode in -llzma
configure:6353: gcc -o conftest  -Wall  -I/mnt/f/research_drive/mtdna/leelab/mtDNA-analysis/zlib_build/include -I/mnt/f/research_drive/mtdna/leelab/mtDNA-analysis/bzip2_build/include -fvisibility=hidden -I/mnt/f/research_drive/mtdna/leelab/mtDNA-analysis/zlib_build/include -I/mnt/f/research_drive/mtdna/leelab/mtDNA-analysis/bzip2_build/include -L/mnt/f/research_drive/mtdna/leelab/mtDNA-analysis/zlib_build/lib -L/mnt/f/research_drive/mtdna/leelab/mtDNA-analysis/bzip2_build/lib -fvisibility=hidden conftest.c -llzma  -lbz2 -lz /mnt/f/research_drive/mtdna/leelab/mtDNA-analysis/zlib_build/lib/libz.a /mnt/f/research_drive/mtdna/leelab/mtDNA-analysis/bzip2_build/lib/libbz2.a -llzma -lm >&5
configure:6353: $? = 0
configure:6365: result: yes
configure:6491: checking whether htscodecs files are present
configure:6495: result: yes
configure:6538: checking for libdeflate.h
configure:6538: gcc -c  -Wall  -I/mnt/f/research_drive/mtdna/leelab/mtDNA-analysis/zlib_build/include -I/mnt/f/research_drive/mtdna/leelab/mtDNA-analysis/bzip2_build/include -fvisibility=hidden -I/mnt/f/research_drive/mtdna/leelab/mtDNA-analysis/zlib_build/include -I/mnt/f/research_drive/mtdna/leelab/mtDNA-analysis/bzip2_build/include conftest.c >&5
conftest.c:49:10: fatal error: libdeflate.h: No such file or directory
   49 | #include <libdeflate.h>
      |          ^~~~~~~~~~~~~~
compilation terminated.
configure:6538: $? = 1
configure: failed program was:
| /* confdefs.h */
| #define PACKAGE_NAME "HTSlib"
| #define PACKAGE_TARNAME "htslib"
| #define PACKAGE_VERSION "1.23"
| #define PACKAGE_STRING "HTSlib 1.23"
| #define PACKAGE_BUGREPORT "samtools-help@lists.sourceforge.net"
| #define PACKAGE_URL "http://www.htslib.org/"
| #define HAVE_STDIO_H 1
| #define HAVE_STDLIB_H 1
| #define HAVE_STRING_H 1
| #define HAVE_INTTYPES_H 1
| #define HAVE_STDINT_H 1
| #define HAVE_STRINGS_H 1
| #define HAVE_SYS_STAT_H 1
| #define HAVE_SYS_TYPES_H 1
| #define HAVE_UNISTD_H 1
| #define HAVE_SYS_PARAM_H 1
| #define STDC_HEADERS 1
| #define _XOPEN_SOURCE 700
| #define HAVE_DECL___GET_CPUID_MAX 1
| #define HAVE_DECL___CPUID_COUNT 1
| #define HAVE_X86INTRIN_H 1
| #define HAVE_SSSE3 1
| #define HAVE_POPCNT 1
| #define HAVE_SSE4_1 1
| #define UBSAN 1
| #define HAVE_POPCNT 1
| #define HAVE_AVX2 1
| #define HAVE_POPCNT 1
| #define HAVE_AVX512 1
| #define HAVE_BUILTIN_CPU_SUPPORT_SSSE3 1
| #define HAVE_ATTRIBUTE_TARGET_SSSE3 1
| #define HAVE_GETPAGESIZE 1
| #define HAVE_MMAP 1
| #define HAVE_GMTIME_R 1
| #define HAVE_FSYNC 1
| #define HAVE_DRAND48 1
| #define HAVE_GETAUXVAL 1
| #define HAVE_POSIX_MEMALIGN 1
| #define HAVE_FDATASYNC 1
| #define HAVE_ATTRIBUTE_CONSTRUCTOR 1
| #define HAVE_CLOCK_GETTIME_CPUTIME 1
| #define HAVE_LIBZ 1
| #define HAVE_LIBBZ2 1
| #define HAVE_LIBLZMA 1
| /* end confdefs.h.  */
| ;
| 
| #include <libdeflate.h>
configure:6538: result: no
configure:6548: checking for libdeflate_deflate_compress in -ldeflate
configure:6577: gcc -o conftest  -Wall  -I/mnt/f/research_drive/mtdna/leelab/mtDNA-analysis/zlib_build/include -I/mnt/f/research_drive/mtdna/leelab/mtDNA-analysis/bzip2_build/include -fvisibility=hidden -I/mnt/f/research_drive/mtdna/leelab/mtDNA-analysis/zlib_build/include -I/mnt/f/research_drive/mtdna/leelab/mtDNA-analysis/bzip2_build/include -L/mnt/f/research_drive/mtdna/leelab/mtDNA-analysis/zlib_build/lib -L/mnt/f/research_drive/mtdna/leelab/mtDNA-analysis/bzip2_build/lib -fvisibility=hidden conftest.c -ldeflate  -llzma -lbz2 -lz /mnt/f/research_drive/mtdna/leelab/mtDNA-analysis/zlib_build/lib/libz.a /mnt/f/research_drive/mtdna/leelab/mtDNA-analysis/bzip2_build/lib/libbz2.a -llzma -lm >&5
configure:6577: $? = 0
configure:6589: result: yes
configure:6788: WARNING: GCS support not enabled: requires libcurl support
configure:6812: WARNING: S3 support not enabled: requires libcurl support
configure:6955: WARNING: ref-cache not enabled: requires libcurl
configure:8307: checking for library containing regcomp
configure:8343: gcc -o conftest  -Wall  -I/mnt/f/research_drive/mtdna/leelab/mtDNA-analysis/zlib_build/include -I/mnt/f/research_drive/mtdna/leelab/mtDNA-analysis/bzip2_build/include -fvisibility=hidden -I/mnt/f/research_drive/mtdna/leelab/mtDNA-analysis/zlib_build/include -I/mnt/f/research_drive/mtdna/leelab/mtDNA-analysis/bzip2_build/include -L/mnt/f/research_drive/mtdna/leelab/mtDNA-analysis/zlib_build/lib -L/mnt/f/research_drive/mtdna/leelab/mtDNA-analysis/bzip2_build/lib -fvisibility=hidden conftest.c -llzma -lbz2 -lz /mnt/f/research_drive/mtdna/leelab/mtDNA-analysis/zlib_build/lib/libz.a /mnt/f/research_drive/mtdna/leelab/mtDNA-analysis/bzip2_build/lib/libbz2.a -llzma -lm >&5
configure:8343: $? = 0
configure:8365: result: none required
configure:8530: creating ./config.status

## ---------------------- ##
## Running config.status. ##
## ---------------------- ##

This file was extended by HTSlib config.status 1.23, which was
generated by GNU Autoconf 2.72.  Invocation command line was

  CONFIG_FILES    = 
  CONFIG_HEADERS  = 
  CONFIG_LINKS    = 
  CONFIG_COMMANDS = 
  $ ./config.status 

on DESKTOP-05PG6JS

config.status:875: creating config.mk
config.status:875: creating htslib.pc.tmp
config.status:875: creating config.h
config.status:1071: linking htscodecs_bundled.mk to htscodecs.mk

## ---------------- ##
## Cache variables. ##
## ---------------- ##

ac_cv_build=x86_64-pc-linux-gnu
ac_cv_c_compiler_gnu=yes
ac_cv_c_undeclared_builtin_options='none needed'
ac_cv_env_CC_set=
ac_cv_env_CC_value=
ac_cv_env_CFLAGS_set=set
ac_cv_env_CFLAGS_value=' -I/mnt/f/research_drive/mtdna/leelab/mtDNA-analysis/zlib_build/include -I/mnt/f/research_drive/mtdna/leelab/mtDNA-analysis/bzip2_build/include'
ac_cv_env_CPPFLAGS_set=set
ac_cv_env_CPPFLAGS_value='-I/mnt/f/research_drive/mtdna/leelab/mtDNA-analysis/zlib_build/include -I/mnt/f/research_drive/mtdna/leelab/mtDNA-analysis/bzip2_build/include'
ac_cv_env_LDFLAGS_set=set
ac_cv_env_LDFLAGS_value='-L/mnt/f/research_drive/mtdna/leelab/mtDNA-analysis/zlib_build/lib -L/mnt/f/research_drive/mtdna/leelab/mtDNA-analysis/bzip2_build/lib'
ac_cv_env_LIBS_set=set
ac_cv_env_LIBS_value='/mnt/f/research_drive/mtdna/leelab/mtDNA-analysis/zlib_build/lib/libz.a /mnt/f/research_drive/mtdna/leelab/mtDNA-analysis/bzip2_build/lib/libbz2.a -llzma -lm'
ac_cv_env_PKG_CONFIG_LIBDIR_set=
ac_cv_env_PKG_CONFIG_LIBDIR_value=
ac_cv_env_PKG_CONFIG_PATH_set=
ac_cv_env_PKG_CONFIG_PATH_value=
ac_cv_env_PKG_CONFIG_set=
ac_cv_env_PKG_CONFIG_value=
ac_cv_env_build_alias_set=
ac_cv_env_build_alias_value=
ac_cv_env_host_alias_set=
ac_cv_env_host_alias_value=
ac_cv_env_target_alias_set=
ac_cv_env_target_alias_value=
ac_cv_func_drand48=yes
ac_cv_func_elf_aux_info=no
ac_cv_func_fdatasync=yes
ac_cv_func_fsync=yes
ac_cv_func_getauxval=yes
ac_cv_func_getpagesize=yes
ac_cv_func_gmtime_r=yes
ac_cv_func_mmap_fixed_mapped=yes
ac_cv_func_posix_memalign=yes
ac_cv_func_srand48_deterministic=no
ac_cv_have_decl__XOPEN_SOURCE=no
ac_cv_have_decl___cpuid_count=yes
ac_cv_have_decl___get_cpuid_max=yes
ac_cv_have_decl_fdatasync_int_=yes
ac_cv_header_bzlib_h=yes
ac_cv_header_inttypes_h=yes
ac_cv_header_libdeflate_h=no
ac_cv_header_lzma_h=no
ac_cv_header_stdint_h=yes
ac_cv_header_stdio_h=yes
ac_cv_header_stdlib_h=yes
ac_cv_header_string_h=yes
ac_cv_header_strings_h=yes
ac_cv_header_sys_param_h=yes
ac_cv_header_sys_stat_h=yes
ac_cv_header_sys_types_h=yes
ac_cv_header_unistd_h=yes
ac_cv_header_x86intrin_h=yes
ac_cv_header_zlib_h=yes
ac_cv_host=x86_64-pc-linux-gnu
ac_cv_lib_bz2_BZ2_bzBuffToBuffCompress=yes
ac_cv_lib_deflate_libdeflate_deflate_compress=yes
ac_cv_lib_lzma_lzma_easy_buffer_encode=yes
ac_cv_lib_z_inflate=yes
ac_cv_objext=o
ac_cv_path_GREP=/usr/bin/grep
ac_cv_path_ac_pt_PKG_CONFIG=/usr/bin/pkg-config
ac_cv_prog_ac_ct_CC=gcc
ac_cv_prog_ac_ct_RANLIB=ranlib
ac_cv_prog_cc_c11=
ac_cv_prog_cc_g=yes
ac_cv_prog_cc_stdc=
ac_cv_search_log='none required'
ac_cv_search_recv='none required'
ac_cv_search_regcomp='none required'
ac_cv_sys_largefile_opts='none needed'
hts_cv_check__fvisibility_hidden=yes
hts_cv_check_cflags_needed_avx2___mavx2__mpopcnt='-mavx2 -mpopcnt'
hts_cv_check_cflags_needed_avx512f___mavx512f__mpopcnt='-mavx512f -mpopcnt'
hts_cv_check_cflags_needed_sse4_1___msse4_1__mssse3__mpopcnt='-msse4.1 -mssse3 -mpopcnt'
hts_cv_have_versioned_symbols=yes
hts_cv_prog_cc_warnings=-Wall

## ----------------- ##
## Output variables. ##
## ----------------- ##

CC='gcc'
CFLAGS=' -Wall  -I/mnt/f/research_drive/mtdna/leelab/mtDNA-analysis/zlib_build/include -I/mnt/f/research_drive/mtdna/leelab/mtDNA-analysis/bzip2_build/include -fvisibility=hidden'
CPPFLAGS='-I/mnt/f/research_drive/mtdna/leelab/mtDNA-analysis/zlib_build/include -I/mnt/f/research_drive/mtdna/leelab/mtDNA-analysis/bzip2_build/include'
CRYPTO_LIBS=''
DEFS='-DHAVE_CONFIG_H'
ECHO_C=''
ECHO_N='-n'
ECHO_T=''
EXEEXT=''
GREP='/usr/bin/grep'
HTSDIRslash_if_relsrcdir='$(HTSDIR)/'
LDFLAGS='-L/mnt/f/research_drive/mtdna/leelab/mtDNA-analysis/zlib_build/lib -L/mnt/f/research_drive/mtdna/leelab/mtDNA-analysis/bzip2_build/lib -fvisibility=hidden'
LIBOBJS=''
LIBS='-llzma -lbz2 -lz /mnt/f/research_drive/mtdna/leelab/mtDNA-analysis/zlib_build/lib/libz.a /mnt/f/research_drive/mtdna/leelab/mtDNA-analysis/bzip2_build/lib/libbz2.a -llzma -lm'
LTLIBOBJS=''
OBJEXT='o'
PACKAGE_BUGREPORT='samtools-help@lists.sourceforge.net'
PACKAGE_NAME='HTSlib'
PACKAGE_STRING='HTSlib 1.23'
PACKAGE_TARNAME='htslib'
PACKAGE_URL='http://www.htslib.org/'
PACKAGE_VERSION='1.23'
PATH_SEPARATOR=':'
PKG_CONFIG='/usr/bin/pkg-config'
PKG_CONFIG_LIBDIR=''
PKG_CONFIG_PATH=''
PLATFORM='default'
PLUGIN_EXT='.so'
RANLIB='ranlib'
SHELL='/bin/bash'
VERSION_SCRIPT_LDFLAGS='-Wl,-version-script,$(srcprefix)htslib.map'
ac_ct_CC='gcc'
bindir='${exec_prefix}/bin'
build='x86_64-pc-linux-gnu'
build_alias=''
build_cpu='x86_64'
build_os='linux-gnu'
build_vendor='pc'
datadir='${datarootdir}'
datarootdir='${prefix}/share'
docdir='${datarootdir}/doc/${PACKAGE_TARNAME}'
dvidir='${docdir}'
enable_plugins='no'
exec_prefix='${prefix}'
gcs='disabled'
host='x86_64-pc-linux-gnu'
host_alias=''
host_cpu='x86_64'
host_os='linux-gnu'
host_vendor='pc'
htmldir='${docdir}'
hts_cflags_avx2='-mavx2 -mpopcnt'
hts_cflags_avx512='-mavx512f -mpopcnt'
hts_cflags_sse4='-msse4.1 -mssse3 -mpopcnt'
hts_paranoia_c_flags=''
hts_paranoia_ld_flags=''
hts_ref_cache_programs=''
hts_ref_cache_test_opts=''
includedir='${prefix}/include'
infodir='${datarootdir}/info'
libcurl='disabled'
libdir='${exec_prefix}/lib'
libexecdir='${exec_prefix}/libexec'
localedir='${datarootdir}/locale'
localstatedir='${prefix}/var'
mandir='${datarootdir}/man'
oldincludedir='/usr/include'
pc_requires=' liblzma'
pdfdir='${docdir}'
plugindir='$(libexecdir)/htslib'
pluginpath='$(libexecdir)/htslib'
prefix='/usr/local'
private_LIBS='-L/mnt/f/research_drive/mtdna/leelab/mtDNA-analysis/zlib_build/lib -L/mnt/f/research_drive/mtdna/leelab/mtDNA-analysis/bzip2_build/lib -lbz2'
program_transform_name='s,x,x,'
psdir='${docdir}'
runstatedir='${localstatedir}/run'
s3='disabled'
sbindir='${exec_prefix}/sbin'
sharedstatedir='${prefix}/com'
static_LDFLAGS='-L/mnt/f/research_drive/mtdna/leelab/mtDNA-analysis/zlib_build/lib -L/mnt/f/research_drive/mtdna/leelab/mtDNA-analysis/bzip2_build/lib'
static_LIBS='-lpthread -lz -lm -lbz2 -llzma'
sysconfdir='${prefix}/etc'
target_alias=''
with_external_htscodecs='no'

## ----------- ##
## confdefs.h. ##
## ----------- ##

/* confdefs.h */
#define PACKAGE_NAME "HTSlib"
#define PACKAGE_TARNAME "htslib"
#define PACKAGE_VERSION "1.23"
#define PACKAGE_STRING "HTSlib 1.23"
#define PACKAGE_BUGREPORT "samtools-help@lists.sourceforge.net"
#define PACKAGE_URL "http://www.htslib.org/"
#define HAVE_STDIO_H 1
#define HAVE_STDLIB_H 1
#define HAVE_STRING_H 1
#define HAVE_INTTYPES_H 1
#define HAVE_STDINT_H 1
#define HAVE_STRINGS_H 1
#define HAVE_SYS_STAT_H 1
#define HAVE_SYS_TYPES_H 1
#define HAVE_UNISTD_H 1
#define HAVE_SYS_PARAM_H 1
#define STDC_HEADERS 1
#define _XOPEN_SOURCE 700
#define HAVE_DECL___GET_CPUID_MAX 1
#define HAVE_DECL___CPUID_COUNT 1
#define HAVE_X86INTRIN_H 1
#define HAVE_SSSE3 1
#define HAVE_POPCNT 1
#define HAVE_SSE4_1 1
#define UBSAN 1
#define HAVE_POPCNT 1
#define HAVE_AVX2 1
#define HAVE_POPCNT 1
#define HAVE_AVX512 1
#define HAVE_BUILTIN_CPU_SUPPORT_SSSE3 1
#define HAVE_ATTRIBUTE_TARGET_SSSE3 1
#define HAVE_GETPAGESIZE 1
#define HAVE_MMAP 1
#define HAVE_GMTIME_R 1
#define HAVE_FSYNC 1
#define HAVE_DRAND48 1
#define HAVE_GETAUXVAL 1
#define HAVE_POSIX_MEMALIGN 1
#define HAVE_FDATASYNC 1
#define HAVE_ATTRIBUTE_CONSTRUCTOR 1
#define HAVE_CLOCK_GETTIME_CPUTIME 1
#define HAVE_LIBZ 1
#define HAVE_LIBBZ2 1
#define HAVE_LIBLZMA 1

configure: exit 0
